<?xml version="1.0" encoding="UTF-8"?>
<!-- Generated by org.testng.reporters.JUnitXMLReporter -->
<testsuite ignored="0" hostname="DESKTOP-U7LI8OE" failures="1" tests="1" name="Default test(failed)" time="28.066" errors="0" timestamp="2023-04-07T15:02:45 IST">
  <testcase classname="crmtests.NewCompanyPageTest" name="readExceldata" time="0.81">
    <failure type="java.lang.NullPointerException" message="Cannot invoke &amp;quot;org.apache.poi.xssf.usermodel.XSSFRow.getLastCellNum()&amp;quot; because the return value of &amp;quot;org.apache.poi.xssf.usermodel.XSSFSheet.getRow(int)&amp;quot; is null">
      <![CDATA[java.lang.NullPointerException: Cannot invoke "org.apache.poi.xssf.usermodel.XSSFRow.getLastCellNum()" because the return value of "org.apache.poi.xssf.usermodel.XSSFSheet.getRow(int)" is null
at crmtests.NewCompanyPageTest.readExceldata(NewCompanyPageTest.java:44)
at java.base/java.util.ArrayList.forEach(ArrayList.java:1511)
... Removed 25 stack frames]]>
    </failure>
  </testcase> <!-- readExceldata -->
</testsuite> <!-- Default test(failed) -->
