<?xml version="1.0" encoding="UTF-8"?>
<!-- Generated by org.testng.reporters.JUnitXMLReporter -->
<testsuite ignored="0" hostname="DESKTOP-U7LI8OE" failures="0" tests="3" name="Test" time="58.862" errors="0" timestamp="2023-06-13T12:33:59 IST">
  <testcase classname="crmtests.LoginPageTest" name="ValidateForgotPasswordLinkRedirection" time="10.211"/>
  <testcase classname="crmtests.LoginPageTest" name="ValidateLogoTest" time="0.158"/>
  <testcase classname="crmtests.LoginPageTest" name="validateLoginPage" time="5.606"/>
</testsuite> <!-- Test -->
