<?xml version="1.0" encoding="UTF-8"?>
<!-- Generated by org.testng.reporters.JUnitXMLReporter -->
<testsuite ignored="5" hostname="DESKTOP-U7LI8OE" failures="0" tests="1" name="Default test(failed)(failed)(failed)(failed)" time="25.703" errors="0" timestamp="2023-04-03T15:00:31 IST">
  <testcase classname="crmtests.HomePageTest" name="validate_create_Contact_Link_RedirectionTest" time="3.5"/>
  <testcase classname="crmtests.HomePageTest" name="validate_create_company_Link_RedirectionTest" time="0.0">
    <ignored/>
  </testcase> <!-- validate_create_company_Link_RedirectionTest -->
  <testcase classname="crmtests.HomePageTest" name="validate_Task_Link_RedirectionTest" time="0.0">
    <ignored/>
  </testcase> <!-- validate_Task_Link_RedirectionTest -->
  <testcase classname="crmtests.HomePageTest" name="validateLogoutTest" time="0.0">
    <ignored/>
  </testcase> <!-- validateLogoutTest -->
  <testcase classname="crmtests.HomePageTest" name="validate_Deal_Link_RedirectionTest" time="0.0">
    <ignored/>
  </testcase> <!-- validate_Deal_Link_RedirectionTest -->
  <testcase classname="crmtests.HomePageTest" name="valdateUsernameTest" time="0.0">
    <ignored/>
  </testcase> <!-- valdateUsernameTest -->
</testsuite> <!-- Default test(failed)(failed)(failed)(failed) -->
